[2015-03-26 22:40:22.006] [INFO] SocketWebApp - Connected to database...mongodb://localhost/socketwebapp
[2015-03-26 22:40:35.387] [INFO] SocketWebApp - Displaying signup page
[2015-03-26 22:40:41.658] [INFO] SocketWebApp - Redirecting to login page
[2015-03-26 22:46:10.757] [INFO] SocketWebApp - Connected to database...mongodb://localhost/socketwebapp
[2015-03-26 22:48:42.881] [INFO] SocketWebApp - Connected to database...mongodb://localhost/socketwebapp
[2015-03-26 22:48:55.659] [INFO] SocketWebApp - Redirecting to login page
[2015-03-26 22:48:56.199] [INFO] SocketWebApp - Redirecting to login page
[2015-03-26 22:49:08.507] [INFO] SocketWebApp - Connected to database...mongodb://socketwebadmin:socketwebadmin@ds061188.mongolab.com:61188/socketwebapp
[2015-03-29 12:23:58.853] [INFO] SocketWebApp - Connected to database...mongodb://localhost/socketwebapp
[2015-03-29 12:24:04.541] [INFO] SocketWebApp - Redirecting to login page
[2015-03-29 12:24:17.302] [INFO] SocketWebApp - Displaying signup page
[2015-03-29 12:24:38.492] [INFO] SocketWebApp - Encrypting user password to save in database
[2015-03-29 12:24:38.771] [INFO] SocketWebApp - User Registration succesfull. Redirecting to.....creating user session......redirecting user to dashboard
[2015-03-29 12:24:38.775] [INFO] SocketWebApp - User : prprakash2007@gmail.comis currently logged in
[2015-03-29 12:24:38.795] [INFO] SocketWebApp - Username: undefined is authenticated and allowing access to dashboard
[2015-03-29 12:25:02.014] [INFO] SocketWebApp - Connected to database...mongodb://localhost/socketwebapp
[2015-03-29 12:27:04.285] [INFO] SocketWebApp - Connected to database...mongodb://localhost/socketwebapp
[2015-03-29 12:27:04.486] [INFO] SocketWebApp - Username: undefined is authenticated and allowing access to dashboard
[2015-03-29 12:28:43.286] [INFO] SocketWebApp - Username: undefined is authenticated and allowing access to dashboard
[2015-03-29 12:28:47.697] [INFO] SocketWebApp - Displaying signup page
[2015-03-29 12:29:15.065] [INFO] SocketWebApp - Connected to database...mongodb://localhost/socketwebapp
[2015-03-29 12:29:29.452] [INFO] SocketWebApp - Connected to database...mongodb://localhost/socketwebapp
[2015-03-29 12:29:29.567] [INFO] SocketWebApp - User : nullis logged out from the system
[2015-03-29 12:29:29.609] [INFO] SocketWebApp - Redirecting to login page
[2015-03-29 12:30:23.560] [INFO] SocketWebApp - Displaying signup page
[2015-03-29 12:30:42.814] [INFO] SocketWebApp - Encrypting user password to save in database
[2015-03-29 12:30:43.084] [INFO] SocketWebApp - User Registration succesfull. Redirecting to.....creating user session......redirecting user to dashboard
[2015-03-29 12:30:43.087] [INFO] SocketWebApp - User : prprakash2008@gmail.comis currently logged in
[2015-03-29 12:30:43.113] [INFO] SocketWebApp - Username: undefined is authenticated and allowing access to dashboard
[2015-03-29 12:30:44.913] [INFO] SocketWebApp - User : nullis logged out from the system
[2015-03-29 12:30:44.964] [INFO] SocketWebApp - Redirecting to login page
[2015-03-29 12:31:30.342] [INFO] SocketWebApp - Username: undefined is authenticated and allowing access to dashboard
[2015-03-29 12:31:44.257] [INFO] SocketWebApp - User : nullis logged out from the system
[2015-03-29 12:31:44.319] [INFO] SocketWebApp - Redirecting to login page
[2015-03-29 12:31:50.698] [INFO] SocketWebApp - Username: undefined is authenticated and allowing access to dashboard
[2015-03-29 12:32:01.161] [INFO] SocketWebApp - User : nullis logged out from the system
[2015-03-29 12:32:01.208] [INFO] SocketWebApp - Redirecting to login page
[2015-03-29 12:32:07.199] [INFO] SocketWebApp - Username: undefined is authenticated and allowing access to dashboard
[2015-03-29 12:33:03.468] [INFO] SocketWebApp - Username: undefined is authenticated and allowing access to dashboard
[2015-03-29 12:33:05.206] [INFO] SocketWebApp - Username: undefined is authenticated and allowing access to dashboard
[2015-03-29 12:33:06.750] [INFO] SocketWebApp - Username: undefined is authenticated and allowing access to dashboard
[2015-03-29 12:35:20.701] [INFO] SocketWebApp - Connected to database...mongodb://localhost/socketwebapp
[2015-03-29 12:35:27.658] [INFO] SocketWebApp - Redirecting to login page
[2015-03-29 12:35:32.478] [INFO] SocketWebApp - Displaying signup page
[2015-03-29 12:35:51.834] [INFO] SocketWebApp - Encrypting user password to save in database
[2015-03-29 12:35:52.100] [INFO] SocketWebApp - User Registration succesfull. Redirecting to.....creating user session......redirecting user to dashboard
[2015-03-29 12:35:52.104] [INFO] SocketWebApp - User : prprakash2009@gmail.comis currently logged in
[2015-03-29 12:35:52.150] [INFO] SocketWebApp - Username: undefined is authenticated and allowing access to dashboard
[2015-03-29 12:36:05.088] [INFO] SocketWebApp - User : nullis logged out from the system
[2015-03-29 12:36:05.105] [INFO] SocketWebApp - Redirecting to login page
[2015-03-29 12:36:17.686] [INFO] SocketWebApp - Invalid Password
[2015-03-29 12:36:17.715] [INFO] SocketWebApp - Redirecting to login page
[2015-03-29 12:36:22.737] [INFO] SocketWebApp - Invalid Password
[2015-03-29 12:36:22.748] [INFO] SocketWebApp - Redirecting to login page
[2015-03-29 12:36:32.531] [INFO] SocketWebApp - Invalid Password
[2015-03-29 12:36:32.555] [INFO] SocketWebApp - Redirecting to login page
[2015-03-29 12:36:38.404] [INFO] SocketWebApp - User and password matching....User is authenticating currently
[2015-03-29 12:36:38.415] [INFO] SocketWebApp - Username: undefined is authenticated and allowing access to dashboard
[2015-03-29 12:36:53.009] [INFO] SocketWebApp - User and password matching....User is authenticating currently
[2015-03-29 12:36:53.020] [INFO] SocketWebApp - Username: undefined is authenticated and allowing access to dashboard
[2015-03-29 12:37:05.549] [INFO] SocketWebApp - Username: undefined is authenticated and allowing access to dashboard
[2015-03-29 12:37:08.579] [INFO] SocketWebApp - User : nullis logged out from the system
[2015-03-29 12:37:08.595] [INFO] SocketWebApp - Redirecting to login page
[2015-03-29 12:37:10.484] [INFO] SocketWebApp - User and password matching....User is authenticating currently
[2015-03-29 12:37:10.497] [INFO] SocketWebApp - Username: undefined is authenticated and allowing access to dashboard
[2015-03-29 12:37:16.789] [INFO] SocketWebApp - Username: undefined is authenticated and allowing access to dashboard
[2015-03-29 12:38:11.654] [INFO] SocketWebApp - Connected to database...mongodb://localhost/socketwebapp
[2015-03-29 12:39:42.990] [INFO] SocketWebApp - User : nullis logged out from the system
[2015-03-29 12:39:43.017] [INFO] SocketWebApp - Redirecting to login page
[2015-03-29 12:39:59.240] [INFO] SocketWebApp - User and password matching....User is authenticating currently
[2015-03-29 12:39:59.254] [INFO] SocketWebApp - Username: undefined is authenticated and allowing access to dashboard
[2015-03-29 12:40:51.984] [INFO] SocketWebApp - Connected to database...mongodb://localhost/socketwebapp
[2015-03-29 12:41:06.174] [INFO] SocketWebApp - User and password matching....User is authenticating currently
[2015-03-29 12:41:06.194] [INFO] SocketWebApp - Username: undefined is authenticated and allowing access to dashboard
[2015-03-29 12:45:05.153] [INFO] SocketWebApp - Connected to database...mongodb://localhost/socketwebapp
[2015-03-29 12:45:09.376] [INFO] SocketWebApp - Redirecting to login page
[2015-03-29 12:45:12.833] [INFO] SocketWebApp - User and password matching....User is authenticating currently
[2015-03-29 12:45:12.836] [INFO] SocketWebApp - User : dinesh4560@gmail.comis currently logged in
[2015-03-29 12:55:54.104] [INFO] SocketWebApp - Redirecting to login page
[2015-03-29 12:56:09.839] [INFO] SocketWebApp - User and password matching....User is authenticating currently
[2015-03-29 12:56:09.842] [INFO] SocketWebApp - User : prprakash2009@gmail.comis currently logged in
[2015-03-29 12:58:23.421] [INFO] SocketWebApp - Redirecting to login page
[2015-03-29 13:00:01.401] [INFO] SocketWebApp - Redirecting to login page
[2015-03-29 13:00:10.207] [INFO] SocketWebApp - Displaying signup page
[2015-03-29 13:00:13.769] [INFO] SocketWebApp - Redirecting to contact page
[2015-03-29 13:00:25.524] [INFO] SocketWebApp - Redirecting to contact page
[2015-03-29 13:01:11.402] [INFO] SocketWebApp - Redirecting to login page
[2015-03-29 13:23:09.717] [INFO] SocketWebApp - Connected to database...mongodb://localhost/socketwebapp
[2015-03-29 19:37:38.606] [INFO] SocketWebApp - Connected to database...mongodb://localhost/socketwebapp
[2015-03-29 19:37:50.775] [INFO] SocketWebApp - Redirecting to login page
[2015-03-29 19:38:07.697] [INFO] SocketWebApp - Redirecting to login page
[2015-03-29 19:55:04.564] [INFO] SocketWebApp - Redirecting to login page
[2015-03-29 19:56:04.384] [INFO] SocketWebApp - Displaying signup page
[2015-03-29 19:57:35.414] [INFO] SocketWebApp - User and password matching....User is authenticating currently
[2015-03-29 19:57:35.430] [INFO] SocketWebApp - User : dinesh4560@gmail.comis currently logged in
[2015-03-29 19:58:12.190] [INFO] SocketWebApp - Redirecting to login page
[2015-03-29 20:02:26.716] [INFO] SocketWebApp - Connected to database...mongodb://localhost/socketwebapp
[2015-03-29 20:02:26.896] [INFO] SocketWebApp - Redirecting to login page
[2015-03-29 20:02:31.868] [INFO] SocketWebApp - User and password matching....User is authenticating currently
[2015-03-29 20:02:31.890] [INFO] SocketWebApp - Username: undefined is authenticated and allowing access to dashboard
[2015-03-29 20:02:38.902] [INFO] SocketWebApp - User and password matching....User is authenticating currently
[2015-03-29 20:02:38.918] [INFO] SocketWebApp - Username: undefined is authenticated and allowing access to dashboard
[2015-03-29 20:03:26.049] [INFO] SocketWebApp - Connected to database...mongodb://localhost/socketwebapp
[2015-03-29 20:03:26.215] [INFO] SocketWebApp - Redirecting to login page
[2015-03-29 20:03:32.768] [INFO] SocketWebApp - User and password matching....User is authenticating currently
[2015-03-29 20:03:32.792] [INFO] SocketWebApp - Username: undefined is authenticated and allowing access to dashboard
[2015-03-29 20:04:16.267] [INFO] SocketWebApp - User and password matching....User is authenticating currently
[2015-03-29 20:04:16.309] [INFO] SocketWebApp - Username: undefined is authenticated and allowing access to dashboard
[2015-03-29 20:06:57.025] [INFO] SocketWebApp - Connected to database...mongodb://localhost/socketwebapp
[2015-03-29 20:07:32.968] [INFO] SocketWebApp - Redirecting to login page
[2015-03-29 20:07:37.632] [INFO] SocketWebApp - User and password matching....User is authenticating currently
[2015-03-29 20:07:37.655] [INFO] SocketWebApp - Username: undefined is authenticated and allowing access to dashboard
[2015-03-30 08:36:17.293] [INFO] SocketWebApp - Connected to database...mongodb://localhost/socketwebapp
[2015-03-30 18:12:33.324] [INFO] SocketWebApp - Connected to database...mongodb://localhost/socketwebapp
[2015-03-30 18:15:33.637] [INFO] SocketWebApp - Connected to database...mongodb://localhost/socketwebapp
[2015-03-30 18:16:32.286] [INFO] SocketWebApp - User and password matching....User is authenticating currently
[2015-03-30 18:16:50.917] [INFO] SocketWebApp - Encrypting user password to save in database
[2015-03-30 18:16:51.218] [INFO] SocketWebApp - User Registration succesfull. Redirecting to.....creating user session......redirecting user to dashboard
[2015-03-30 18:16:51.221] [INFO] SocketWebApp - User : test@gmail.comis currently logged in
[2015-03-30 18:18:29.446] [INFO] SocketWebApp - Connected to database...mongodb://localhost/socketwebapp
[2015-03-30 18:20:34.285] [INFO] SocketWebApp - Connected to database...mongodb://localhost/socketwebapp
[2015-03-30 18:20:44.454] [INFO] SocketWebApp - Connected to database...mongodb://localhost/socketwebapp
[2015-03-30 18:22:29.693] [INFO] SocketWebApp - Connected to database...mongodb://localhost/socketwebapp
[2015-03-30 18:22:34.579] [INFO] SocketWebApp - Connected to database...mongodb://localhost/socketwebapp
[2015-03-30 18:22:44.687] [INFO] SocketWebApp - Connected to database...mongodb://localhost/socketwebapp
[2015-03-30 18:23:07.610] [INFO] SocketWebApp - Encrypting user password to save in database
[2015-03-30 18:23:07.887] [INFO] SocketWebApp - User Registration succesfull. Redirecting to.....creating user session......redirecting user to dashboard
[2015-03-30 18:23:07.892] [INFO] SocketWebApp - User : test2@gmail.comis currently logged in
[2015-03-30 18:23:34.594] [INFO] SocketWebApp - Connected to database...mongodb://localhost/socketwebapp
[2015-03-30 18:23:39.596] [INFO] SocketWebApp - Connected to database...mongodb://localhost/socketwebapp
[2015-03-30 18:23:49.636] [INFO] SocketWebApp - Connected to database...mongodb://localhost/socketwebapp
[2015-03-30 18:23:54.662] [INFO] SocketWebApp - Connected to database...mongodb://localhost/socketwebapp
[2015-03-30 18:24:04.604] [INFO] SocketWebApp - Connected to database...mongodb://localhost/socketwebapp
[2015-03-30 18:24:19.702] [INFO] SocketWebApp - Connected to database...mongodb://localhost/socketwebapp
[2015-03-30 18:24:24.649] [INFO] SocketWebApp - Connected to database...mongodb://localhost/socketwebapp
[2015-03-30 18:26:09.597] [INFO] SocketWebApp - Connected to database...mongodb://localhost/socketwebapp
[2015-03-30 18:26:26.815] [INFO] SocketWebApp - Encrypting user password to save in database
[2015-03-30 18:26:27.100] [INFO] SocketWebApp - User Registration succesfull. Redirecting to.....creating user session......redirecting user to dashboard
[2015-03-30 18:26:27.103] [INFO] SocketWebApp - User : test3@gmail.comis currently logged in
[2015-03-30 18:28:00.724] [INFO] SocketWebApp - Connected to database...mongodb://localhost/socketwebapp
[2015-03-30 18:28:30.029] [INFO] SocketWebApp - Connected to database...mongodb://localhost/socketwebapp
[2015-03-30 18:28:35.122] [INFO] SocketWebApp - User : nullis logged out from the system
[2015-03-30 18:29:10.650] [INFO] SocketWebApp - Encrypting user password to save in database
[2015-03-30 18:29:10.932] [INFO] SocketWebApp - User Registration succesfull. Redirecting to.....creating user session......redirecting user to dashboard
[2015-03-30 18:29:10.935] [INFO] SocketWebApp - User : test4@gmail.comis currently logged in
[2015-03-30 18:30:25.342] [INFO] SocketWebApp - Connected to database...mongodb://localhost/socketwebapp
[2015-03-30 18:30:40.177] [INFO] SocketWebApp - Connected to database...mongodb://localhost/socketwebapp
[2015-03-30 18:31:35.120] [INFO] SocketWebApp - Connected to database...mongodb://localhost/socketwebapp
[2015-03-30 18:31:38.614] [INFO] SocketWebApp - User : nullis logged out from the system
[2015-03-30 18:31:52.199] [INFO] SocketWebApp - Encrypting user password to save in database
[2015-03-30 18:31:52.475] [INFO] SocketWebApp - User Registration succesfull. Redirecting to.....creating user session......redirecting user to dashboard
[2015-03-30 18:31:52.479] [INFO] SocketWebApp - User : test testis currently logged in
[2015-03-30 18:32:20.337] [INFO] SocketWebApp - Connected to database...mongodb://localhost/socketwebapp
[2015-03-30 18:32:21.567] [INFO] SocketWebApp - User : nullis logged out from the system
[2015-03-30 18:32:38.160] [INFO] SocketWebApp - Encrypting user password to save in database
[2015-03-30 18:32:38.442] [INFO] SocketWebApp - User Registration succesfull. Redirecting to.....creating user session......redirecting user to dashboard
[2015-03-30 18:32:38.446] [INFO] SocketWebApp - User : test testis currently logged in
[2015-03-30 18:33:50.518] [INFO] SocketWebApp - Connected to database...mongodb://localhost/socketwebapp
[2015-03-30 18:33:55.250] [INFO] SocketWebApp - User : nullis logged out from the system
[2015-03-30 18:34:10.806] [INFO] SocketWebApp - Encrypting user password to save in database
[2015-03-30 18:34:11.092] [INFO] SocketWebApp - User Registration succesfull. Redirecting to.....creating user session......redirecting user to dashboard
[2015-03-30 18:34:11.096] [INFO] SocketWebApp - User : test testis currently logged in
[2015-03-30 18:34:50.599] [INFO] SocketWebApp - Connected to database...mongodb://localhost/socketwebapp
[2015-03-30 18:34:55.569] [INFO] SocketWebApp - Connected to database...mongodb://localhost/socketwebapp
[2015-03-30 18:35:10.570] [INFO] SocketWebApp - Connected to database...mongodb://localhost/socketwebapp
[2015-03-30 18:35:29.357] [INFO] SocketWebApp - Encrypting user password to save in database
[2015-03-30 18:35:29.633] [INFO] SocketWebApp - User Registration succesfull. Redirecting to.....creating user session......redirecting user to dashboard
[2015-03-30 18:35:29.637] [INFO] SocketWebApp - User : test testis currently logged in
[2015-03-30 18:39:17.052] [INFO] SocketWebApp - Connected to database...mongodb://localhost/socketwebapp
[2015-03-30 18:39:19.414] [INFO] SocketWebApp - User : nullis logged out from the system
[2015-03-30 18:39:37.153] [INFO] SocketWebApp - Encrypting user password to save in database
[2015-03-30 18:39:37.476] [INFO] SocketWebApp - User Registration succesfull. Redirecting to.....creating user session......redirecting user to dashboard
[2015-03-30 18:39:37.482] [INFO] SocketWebApp - User : test testis currently logged in
[2015-03-30 18:41:58.753] [INFO] SocketWebApp - User : nullis logged out from the system
[2015-03-30 18:42:01.496] [INFO] SocketWebApp - Connected to database...mongodb://localhost/socketwebapp
[2015-03-30 18:42:18.447] [INFO] SocketWebApp - Encrypting user password to save in database
[2015-03-30 18:42:18.723] [INFO] SocketWebApp - User Registration succesfull. Redirecting to.....creating user session......redirecting user to dashboard
[2015-03-30 18:42:18.728] [INFO] SocketWebApp - User : a sis currently logged in
[2015-03-30 18:43:20.235] [INFO] SocketWebApp - User : nullis logged out from the system
[2015-03-30 18:43:30.379] [INFO] SocketWebApp - Encrypting user password to save in database
[2015-03-30 18:43:30.639] [INFO] SocketWebApp - User Registration succesfull. Redirecting to.....creating user session......redirecting user to dashboard
[2015-03-30 18:43:30.641] [INFO] SocketWebApp - User : a fis currently logged in
[2015-03-30 18:45:12.152] [INFO] SocketWebApp - Connected to database...mongodb://localhost/socketwebapp
[2015-03-30 18:45:41.449] [INFO] SocketWebApp - Connected to database...mongodb://localhost/socketwebapp
[2015-03-30 18:45:56.517] [INFO] SocketWebApp - Connected to database...mongodb://localhost/socketwebapp
[2015-03-30 18:45:58.596] [INFO] SocketWebApp - User : nullis logged out from the system
[2015-03-30 18:46:14.017] [INFO] SocketWebApp - Encrypting user password to save in database
[2015-03-30 18:46:14.302] [INFO] SocketWebApp - User Registration succesfull. Redirecting to.....creating user session......redirecting user to dashboard
[2015-03-30 18:46:56.286] [INFO] SocketWebApp - Connected to database...mongodb://localhost/socketwebapp
[2015-03-30 18:46:59.434] [INFO] SocketWebApp - User already exists with username: ss@gmail.com. Please try the different username.
[2015-03-30 18:47:06.214] [INFO] SocketWebApp - Encrypting user password to save in database
[2015-03-30 18:47:06.484] [INFO] SocketWebApp - User Registration succesfull. Redirecting to.....creating user session......redirecting user to dashboard
[2015-03-30 18:47:06.488] [INFO] SocketWebApp - User : a fis currently logged in
[2015-03-30 18:51:53.104] [INFO] SocketWebApp - Connected to database...mongodb://localhost/socketwebapp
[2015-03-30 18:52:58.645] [INFO] SocketWebApp - Connected to database...mongodb://localhost/socketwebapp
[2015-03-30 18:53:17.069] [INFO] SocketWebApp - Connected to database...mongodb://localhost/socketwebapp
[2015-03-30 19:08:02.791] [INFO] SocketWebApp - User : nullis logged out from the system
[2015-03-30 19:08:05.412] [INFO] SocketWebApp - User and password matching....User is authenticating currently
[2015-03-30 19:08:23.974] [INFO] SocketWebApp - Encrypting user password to save in database
[2015-03-30 19:08:24.225] [INFO] SocketWebApp - User Registration succesfull. Redirecting to.....creating user session......redirecting user to dashboard
[2015-03-30 19:08:24.227] [INFO] SocketWebApp - User : test testis currently logged in
[2015-03-30 19:08:25.618] [INFO] SocketWebApp - User : nullis logged out from the system
[2015-03-30 19:08:33.398] [INFO] SocketWebApp - User and password matching....User is authenticating currently
[2015-03-30 19:09:24.882] [INFO] SocketWebApp - Connected to database...mongodb://localhost/socketwebapp
[2015-03-30 19:09:28.381] [INFO] SocketWebApp - Connected to database...mongodb://localhost/socketwebapp
[2015-03-30 19:09:32.646] [INFO] SocketWebApp - User and password matching....User is authenticating currently
[2015-03-30 19:10:19.825] [INFO] SocketWebApp - User and password matching....User is authenticating currently
[2015-03-30 19:10:23.544] [INFO] SocketWebApp - Connected to database...mongodb://localhost/socketwebapp
[2015-03-30 19:10:28.476] [INFO] SocketWebApp - Connected to database...mongodb://localhost/socketwebapp
[2015-03-30 19:14:40.888] [INFO] SocketWebApp - Connected to database...mongodb://localhost/socketwebapp
[2015-03-30 19:14:52.552] [INFO] SocketWebApp - User : nullis logged out from the system
[2015-03-30 19:14:59.363] [INFO] SocketWebApp - User and password matching....User is authenticating currently
[2015-03-30 19:15:47.540] [INFO] SocketWebApp - Connected to database...mongodb://localhost/socketwebapp
[2015-03-30 19:15:54.454] [INFO] SocketWebApp - User : nullis logged out from the system
[2015-03-30 19:18:52.996] [INFO] SocketWebApp - Connected to database...mongodb://localhost/socketwebapp
[2015-03-30 19:18:57.289] [INFO] SocketWebApp - Oops!! Username: undefinedis not authorized to access the app. Redirecting the user to login
[2015-03-30 19:19:00.643] [INFO] SocketWebApp - Oops!! Username: undefinedis not authorized to access the app. Redirecting the user to login
[2015-03-30 19:19:04.671] [INFO] SocketWebApp - Oops!! Username: undefinedis not authorized to access the app. Redirecting the user to login
[2015-03-30 19:19:44.352] [INFO] SocketWebApp - User Not Found with username test11@gmail.com
[2015-03-30 19:20:16.665] [INFO] SocketWebApp - Connected to database...mongodb://localhost/socketwebapp
[2015-03-30 19:20:19.912] [INFO] SocketWebApp - User Not Found with username test11@gmail.com
[2015-03-30 19:20:36.014] [INFO] SocketWebApp - Connected to database...mongodb://localhost/socketwebapp
[2015-03-30 19:20:39.715] [INFO] SocketWebApp - User and password matching....User is authenticating currently
[2015-03-30 19:20:39.733] [INFO] SocketWebApp - Oops!! Username: undefinedis not authorized to access the app. Redirecting the user to login
[2015-03-30 19:21:45.813] [INFO] SocketWebApp - User and password matching....User is authenticating currently
[2015-03-30 19:21:45.825] [INFO] SocketWebApp - Oops!! Username: undefinedis not authorized to access the app. Redirecting the user to login
[2015-03-30 19:23:19.362] [INFO] SocketWebApp - User and password matching....User is authenticating currently
[2015-03-30 19:23:19.374] [INFO] SocketWebApp - Oops!! Username: undefinedis not authorized to access the app. Redirecting the user to login
[2015-03-30 19:24:08.608] [INFO] SocketWebApp - Connected to database...mongodb://localhost/socketwebapp
[2015-03-30 19:24:17.063] [INFO] SocketWebApp - User and password matching....User is authenticating currently
[2015-03-30 19:24:17.097] [INFO] SocketWebApp - Oops!! Username: undefinedis not authorized to access the app. Redirecting the user to login
[2015-03-30 19:24:20.138] [INFO] SocketWebApp - User and password matching....User is authenticating currently
[2015-03-30 19:24:20.151] [INFO] SocketWebApp - Oops!! Username: undefinedis not authorized to access the app. Redirecting the user to login
[2015-03-30 19:24:29.775] [INFO] SocketWebApp - User and password matching....User is authenticating currently
[2015-03-30 19:24:29.787] [INFO] SocketWebApp - Oops!! Username: undefinedis not authorized to access the app. Redirecting the user to login
[2015-03-30 19:24:35.347] [INFO] SocketWebApp - User and password matching....User is authenticating currently
[2015-03-30 19:24:35.359] [INFO] SocketWebApp - Oops!! Username: undefinedis not authorized to access the app. Redirecting the user to login
[2015-03-30 19:27:08.293] [INFO] SocketWebApp - Connected to database...mongodb://localhost/socketwebapp
[2015-03-30 19:27:32.177] [INFO] SocketWebApp - Connected to database...mongodb://localhost/socketwebapp
[2015-03-30 19:33:17.355] [INFO] SocketWebApp - Connected to database...mongodb://localhost/socketwebapp
[2015-03-30 19:33:31.006] [INFO] SocketWebApp - User and password matching....User is authenticating currently
[2015-03-30 19:34:47.262] [INFO] SocketWebApp - Connected to database...mongodb://localhost/socketwebapp
[2015-03-30 19:35:21.409] [INFO] SocketWebApp - Connected to database...mongodb://localhost/socketwebapp
[2015-03-30 19:37:47.906] [INFO] SocketWebApp - Connected to database...mongodb://localhost/socketwebapp
[2015-03-30 19:42:28.197] [INFO] SocketWebApp - Connected to database...mongodb://localhost/socketwebapp
[2015-03-30 19:42:32.262] [INFO] SocketWebApp - Connected to database...mongodb://localhost/socketwebapp
[2015-03-30 19:42:42.274] [INFO] SocketWebApp - Connected to database...mongodb://localhost/socketwebapp
[2015-03-30 19:43:47.388] [INFO] SocketWebApp - Connected to database...mongodb://localhost/socketwebapp
[2015-03-30 19:44:02.339] [INFO] SocketWebApp - Connected to database...mongodb://localhost/socketwebapp
[2015-03-30 19:46:22.424] [INFO] SocketWebApp - Connected to database...mongodb://localhost/socketwebapp
[2015-03-30 19:47:03.382] [INFO] SocketWebApp - Encrypting user password to save in database
[2015-03-30 19:47:03.643] [INFO] SocketWebApp - User Registration succesfull. Redirecting to.....creating user session......redirecting user to dashboard
[2015-03-30 19:47:03.647] [INFO] SocketWebApp - User : test testis currently logged in
[2015-03-30 19:47:03.679] [INFO] SocketWebApp - Oops!! Username: undefinedis not authorized to access the app. Redirecting the user to login
[2015-03-30 19:48:06.698] [INFO] SocketWebApp - Oops!! Username: undefinedis not authorized to access the app. Redirecting the user to login
[2015-03-30 19:49:28.845] [INFO] SocketWebApp - Connected to database...mongodb://localhost/socketwebapp
[2015-03-30 19:49:46.321] [INFO] SocketWebApp - User and password matching....User is authenticating currently
[2015-03-30 19:49:46.322] [INFO] SocketWebApp - User : test testis currently logged in
[2015-03-30 19:49:46.354] [INFO] SocketWebApp - Oops!! Username: undefinedis not authorized to access the app. Redirecting the user to login
[2015-03-30 19:49:50.227] [INFO] SocketWebApp - User and password matching....User is authenticating currently
[2015-03-30 19:49:50.228] [INFO] SocketWebApp - User : test testis currently logged in
[2015-03-30 19:49:50.251] [INFO] SocketWebApp - Oops!! Username: undefinedis not authorized to access the app. Redirecting the user to login
[2015-03-30 19:49:54.630] [INFO] SocketWebApp - User and password matching....User is authenticating currently
[2015-03-30 19:49:54.631] [INFO] SocketWebApp - User : test testis currently logged in
[2015-03-30 19:49:54.661] [INFO] SocketWebApp - Oops!! Username: undefinedis not authorized to access the app. Redirecting the user to login
[2015-03-30 19:51:02.943] [INFO] SocketWebApp - Connected to database...mongodb://localhost/socketwebapp
[2015-03-30 19:52:21.785] [INFO] SocketWebApp - User and password matching....User is authenticating currently
[2015-03-30 19:52:21.786] [INFO] SocketWebApp - User : test testis currently logged in
[2015-03-30 19:52:21.824] [INFO] SocketWebApp - Oops!! Username: undefinedis not authorized to access the app. Redirecting the user to login
[2015-03-30 19:52:27.962] [INFO] SocketWebApp - User and password matching....User is authenticating currently
[2015-03-30 19:52:27.963] [INFO] SocketWebApp - User : test testis currently logged in
[2015-03-30 19:52:27.987] [INFO] SocketWebApp - Oops!! Username: undefinedis not authorized to access the app. Redirecting the user to login
[2015-03-30 19:52:48.146] [INFO] SocketWebApp - Connected to database...mongodb://localhost/socketwebapp
[2015-03-30 19:52:49.230] [INFO] SocketWebApp - User and password matching....User is authenticating currently
[2015-03-30 19:52:49.232] [INFO] SocketWebApp - User : test testis currently logged in
[2015-03-30 19:52:49.264] [INFO] SocketWebApp - Oops!! Username: undefinedis not authorized to access the app. Redirecting the user to login
[2015-03-30 19:53:23.172] [INFO] SocketWebApp - Connected to database...mongodb://localhost/socketwebapp
[2015-03-30 19:53:23.320] [INFO] SocketWebApp - Oops!! Username: undefinedis not authorized to access the app. Redirecting the user to login
[2015-03-30 19:53:26.667] [INFO] SocketWebApp - User and password matching....User is authenticating currently
[2015-03-30 19:53:26.668] [INFO] SocketWebApp - User : test testis currently logged in
[2015-03-30 19:53:26.692] [INFO] SocketWebApp - Oops!! Username: undefinedis not authorized to access the app. Redirecting the user to login
[2015-03-30 19:53:44.816] [INFO] SocketWebApp - User and password matching....User is authenticating currently
[2015-03-30 19:53:44.817] [INFO] SocketWebApp - User : Prakash Rajendranis currently logged in
[2015-03-30 19:53:44.839] [INFO] SocketWebApp - Oops!! Username: undefinedis not authorized to access the app. Redirecting the user to login
[2015-03-30 19:54:00.188] [INFO] SocketWebApp - User already exists with username: prprakash2007@gmail.com. Please try the different username.
[2015-03-30 19:54:06.532] [INFO] SocketWebApp - User already exists with username: prprakash2008@gmail.com. Please try the different username.
[2015-03-30 19:54:17.739] [INFO] SocketWebApp - User already exists with username: prprakash2009@gmail.com. Please try the different username.
[2015-03-30 19:54:23.967] [INFO] SocketWebApp - Encrypting user password to save in database
[2015-03-30 19:54:24.232] [INFO] SocketWebApp - User Registration succesfull. Redirecting to.....creating user session......redirecting user to dashboard
[2015-03-30 19:54:24.234] [INFO] SocketWebApp - User : Prakash Rajendranis currently logged in
[2015-03-30 19:54:24.258] [INFO] SocketWebApp - Oops!! Username: undefinedis not authorized to access the app. Redirecting the user to login
[2015-03-30 19:54:53.645] [INFO] SocketWebApp - User and password matching....User is authenticating currently
[2015-03-30 19:54:53.645] [INFO] SocketWebApp - User : Prakash Rajendranis currently logged in
[2015-03-30 19:54:53.660] [INFO] SocketWebApp - Oops!! Username: undefinedis not authorized to access the app. Redirecting the user to login
[2015-03-30 19:55:25.525] [INFO] SocketWebApp - User and password matching....User is authenticating currently
[2015-03-30 19:55:25.526] [INFO] SocketWebApp - User : Prakash Rajendranis currently logged in
[2015-03-30 19:55:25.538] [INFO] SocketWebApp - Oops!! Username: undefinedis not authorized to access the app. Redirecting the user to login
[2015-03-30 19:55:34.338] [INFO] SocketWebApp - Connected to database...mongodb://localhost/socketwebapp
[2015-03-30 19:55:36.031] [INFO] SocketWebApp - User and password matching....User is authenticating currently
[2015-03-30 19:55:36.033] [INFO] SocketWebApp - User : Prakash Rajendranis currently logged in
[2015-03-30 19:55:36.054] [INFO] SocketWebApp - Oops!! Username: undefinedis not authorized to access the app. Redirecting the user to login
[2015-03-30 20:00:19.958] [INFO] SocketWebApp - Connected to database...mongodb://localhost/socketwebapp
[2015-03-30 20:00:29.402] [INFO] SocketWebApp - Connected to database...mongodb://localhost/socketwebapp
[2015-03-30 20:00:41.680] [INFO] SocketWebApp - User and password matching....User is authenticating currently
[2015-03-30 20:00:41.681] [INFO] SocketWebApp - User : Prakash Rajendranis currently logged in
[2015-03-30 20:00:41.698] [INFO] SocketWebApp - Oops!! Username: undefinedis not authorized to access the app. Redirecting the user to login
[2015-03-30 20:00:46.547] [INFO] SocketWebApp - User and password matching....User is authenticating currently
[2015-03-30 20:00:46.548] [INFO] SocketWebApp - User : Prakash Rajendranis currently logged in
[2015-03-30 20:00:46.562] [INFO] SocketWebApp - Oops!! Username: undefinedis not authorized to access the app. Redirecting the user to login
[2015-03-30 20:01:24.694] [INFO] SocketWebApp - Connected to database...mongodb://localhost/socketwebapp
[2015-03-30 20:01:28.694] [INFO] SocketWebApp - User and password matching....User is authenticating currently
[2015-03-30 20:01:28.696] [INFO] SocketWebApp - User : Prakash Rajendranis currently logged in
[2015-03-30 20:01:28.710] [INFO] SocketWebApp - Oops!! Username: undefinedis not authorized to access the app. Redirecting the user to login
[2015-03-30 20:03:24.871] [INFO] SocketWebApp - Connected to database...mongodb://localhost/socketwebapp
[2015-03-30 20:06:55.288] [INFO] SocketWebApp - Connected to database...mongodb://localhost/socketwebapp
[2015-03-30 20:07:00.250] [INFO] SocketWebApp - Connected to database...mongodb://localhost/socketwebapp
[2015-03-30 20:07:13.819] [INFO] SocketWebApp - User and password matching....User is authenticating currently
[2015-03-30 20:07:13.821] [INFO] SocketWebApp - User : Prakash Rajendranis currently logged in
[2015-03-30 20:07:50.252] [INFO] SocketWebApp - Connected to database...mongodb://localhost/socketwebapp
[2015-03-30 20:07:57.674] [INFO] SocketWebApp - User and password matching....User is authenticating currently
[2015-03-30 20:07:57.675] [INFO] SocketWebApp - User : Prakash Rajendranis currently logged in
[2015-03-30 20:08:10.329] [INFO] SocketWebApp - Connected to database...mongodb://localhost/socketwebapp
[2015-03-30 20:09:10.778] [INFO] SocketWebApp - Connected to database...mongodb://localhost/socketwebapp
[2015-03-30 20:09:15.372] [INFO] SocketWebApp - User and password matching....User is authenticating currently
[2015-03-30 20:10:25.344] [INFO] SocketWebApp - Connected to database...mongodb://localhost/socketwebapp
[2015-03-30 20:11:50.475] [INFO] SocketWebApp - Connected to database...mongodb://localhost/socketwebapp
[2015-03-30 20:12:04.903] [INFO] SocketWebApp - User and password matching....User is authenticating currently
[2015-03-30 20:12:04.906] [INFO] SocketWebApp - User : Prakash Rajendranis currently logged in
[2015-03-30 20:12:21.531] [INFO] SocketWebApp - Oops!! Username: undefinedis not authorized to access the app. Redirecting the user to login
[2015-03-30 20:12:27.337] [INFO] SocketWebApp - User and password matching....User is authenticating currently
[2015-03-30 20:12:27.339] [INFO] SocketWebApp - User : Prakash Rajendranis currently logged in
[2015-03-30 20:13:00.708] [INFO] SocketWebApp - Connected to database...mongodb://localhost/socketwebapp
[2015-03-30 20:13:14.911] [INFO] SocketWebApp - User and password matching....User is authenticating currently
[2015-03-30 20:13:14.914] [INFO] SocketWebApp - User : Prakash Rajendranis currently logged in
[2015-03-30 20:13:14.936] [INFO] SocketWebApp - Oops!! Username: undefinedis not authorized to access the app. Redirecting the user to login
[2015-03-30 20:19:32.443] [INFO] SocketWebApp - Connected to database...mongodb://localhost/socketwebapp
[2015-03-30 20:19:43.540] [INFO] SocketWebApp - User already exists with username: ss@gmail.com. Please try the different username.
[2015-03-30 20:19:49.743] [INFO] SocketWebApp - User already exists with username: ss1@gmail.com. Please try the different username.
[2015-03-30 20:19:56.528] [INFO] SocketWebApp - Encrypting user password to save in database
[2015-03-30 20:19:56.792] [INFO] SocketWebApp - User Registration succesfull. Redirecting to.....creating user session......redirecting user to dashboard
[2015-03-30 20:19:56.796] [INFO] SocketWebApp - User : a sis currently logged in
[2015-03-30 20:20:31.556] [INFO] SocketWebApp - Oops!! Username: undefinedis not authorized to access the app. Redirecting the user to login
[2015-03-30 20:20:36.925] [INFO] SocketWebApp - User and password matching....User is authenticating currently
[2015-03-30 20:20:36.927] [INFO] SocketWebApp - User : a sis currently logged in
[2015-03-30 20:20:45.597] [INFO] SocketWebApp - Oops!! Username: undefinedis not authorized to access the app. Redirecting the user to login
[2015-03-30 20:20:53.059] [INFO] SocketWebApp - Oops!! Username: undefinedis not authorized to access the app. Redirecting the user to login
[2015-03-30 20:20:57.896] [INFO] SocketWebApp - Invalid Password
[2015-03-30 20:22:01.351] [INFO] SocketWebApp - Connected to database...mongodb://localhost/socketwebapp
[2015-03-30 20:22:08.530] [INFO] SocketWebApp - Invalid Password
[2015-03-30 20:24:09.949] [INFO] SocketWebApp - Connected to database...mongodb://localhost/socketwebapp
[2015-03-30 20:24:11.974] [INFO] SocketWebApp - Invalid Password
[2015-03-30 20:25:15.075] [INFO] SocketWebApp - Connected to database...mongodb://localhost/socketwebapp
[2015-03-30 20:25:24.358] [INFO] SocketWebApp - Invalid Password
[2015-03-30 20:25:24.360] [INFO] SocketWebApp - User : undefined undefinedis currently logged in
[2015-03-30 20:25:43.014] [INFO] SocketWebApp - Encrypting user password to save in database
[2015-03-30 20:25:43.277] [INFO] SocketWebApp - User Registration succesfull. Redirecting to.....creating user session......redirecting user to dashboard
[2015-03-30 20:25:43.280] [INFO] SocketWebApp - User : test testis currently logged in
[2015-03-30 20:25:45.550] [INFO] SocketWebApp - Oops!! Username: undefinedis not authorized to access the app. Redirecting the user to login
[2015-03-30 20:25:55.930] [INFO] SocketWebApp - User and password matching....User is authenticating currently
[2015-03-30 20:25:55.932] [INFO] SocketWebApp - User : test testis currently logged in
[2015-03-30 20:26:20.430] [INFO] SocketWebApp - Connected to database...mongodb://localhost/socketwebapp
[2015-03-30 20:26:22.633] [INFO] SocketWebApp - Oops!! Username: undefinedis not authorized to access the app. Redirecting the user to login
[2015-03-30 20:26:32.174] [INFO] SocketWebApp - User and password matching....User is authenticating currently
[2015-03-30 20:26:32.177] [INFO] SocketWebApp - User : test testis currently logged in
[2015-03-30 20:28:34.654] [INFO] SocketWebApp - Connected to database...mongodb://localhost/socketwebapp
[2015-03-30 20:28:36.454] [INFO] SocketWebApp - Oops!! Username: undefinedis not authorized to access the app. Redirecting the user to login
[2015-03-30 20:29:09.873] [INFO] SocketWebApp - Connected to database...mongodb://localhost/socketwebapp
[2015-03-30 20:29:17.981] [INFO] SocketWebApp - User and password matching....User is authenticating currently
[2015-03-30 20:29:17.984] [INFO] SocketWebApp - User : test testis currently logged in
[2015-03-30 20:29:20.463] [INFO] SocketWebApp - Oops!! Username: undefinedis not authorized to access the app. Redirecting the user to login
[2015-03-30 20:34:40.413] [INFO] SocketWebApp - Connected to database...mongodb://localhost/socketwebapp
[2015-03-30 20:35:00.422] [INFO] SocketWebApp - Connected to database...mongodb://localhost/socketwebapp
[2015-03-30 20:35:23.085] [INFO] SocketWebApp - Oops!! Username: undefinedis not authorized to access the app. Redirecting the user to login
[2015-03-30 20:35:36.820] [INFO] SocketWebApp - Connected to database...mongodb://localhost/socketwebapp
[2015-03-30 20:35:57.067] [INFO] SocketWebApp - Connected to database...mongodb://localhost/socketwebapp
[2015-03-30 20:35:58.727] [INFO] SocketWebApp - User and password matching....User is authenticating currently
[2015-03-30 20:35:58.730] [INFO] SocketWebApp - User : test testis currently logged in
[2015-03-30 20:35:58.752] [INFO] SocketWebApp - Oops!! Username: undefinedis not authorized to access the app. Redirecting the user to login
[2015-03-30 20:36:36.842] [INFO] SocketWebApp - User and password matching....User is authenticating currently
[2015-03-30 20:36:36.845] [INFO] SocketWebApp - User : test testis currently logged in
[2015-03-30 20:36:36.916] [INFO] SocketWebApp - Oops!! Username: undefinedis not authorized to access the app. Redirecting the user to login
[2015-03-30 20:37:22.177] [INFO] SocketWebApp - Connected to database...mongodb://localhost/socketwebapp
[2015-03-30 20:37:27.287] [INFO] SocketWebApp - Connected to database...mongodb://localhost/socketwebapp
[2015-03-30 20:37:35.535] [INFO] SocketWebApp - User and password matching....User is authenticating currently
[2015-03-30 20:37:35.539] [INFO] SocketWebApp - User : test testis currently logged in
[2015-03-30 20:37:35.617] [INFO] SocketWebApp - Oops!! Username: undefinedis not authorized to access the app. Redirecting the user to login
[2015-03-30 20:46:17.868] [INFO] SocketWebApp - Connected to database...mongodb://localhost/socketwebapp
[2015-03-30 20:46:30.121] [INFO] SocketWebApp - User and password matching....User is authenticating currently
[2015-03-30 20:46:30.125] [INFO] SocketWebApp - User : test testis currently logged in
[2015-03-30 20:46:30.181] [INFO] SocketWebApp - Oops!! Username: undefinedis not authorized to access the app. Redirecting the user to login
[2015-03-30 20:47:43.039] [INFO] SocketWebApp - Connected to database...mongodb://localhost/socketwebapp
[2015-03-30 20:47:48.006] [INFO] SocketWebApp - Connected to database...mongodb://localhost/socketwebapp
[2015-03-30 20:47:55.523] [INFO] SocketWebApp - User and password matching....User is authenticating currently
[2015-03-30 20:47:55.529] [INFO] SocketWebApp - User : test testis currently logged in
[2015-03-30 20:47:55.558] [INFO] SocketWebApp - Oops!! Username: undefinedis not authorized to access the app. Redirecting the user to login
[2015-03-30 20:50:58.508] [INFO] SocketWebApp - Connected to database...mongodb://localhost/socketwebapp
[2015-03-30 20:51:06.750] [INFO] SocketWebApp - User and password matching....User is authenticating currently
[2015-03-30 20:51:06.754] [INFO] SocketWebApp - User : test testis currently logged in
[2015-03-30 20:51:06.843] [INFO] SocketWebApp - Oops!! Username: undefinedis not authorized to access the app. Redirecting the user to login
[2015-03-30 20:52:48.528] [INFO] SocketWebApp - Connected to database...mongodb://localhost/socketwebapp
[2015-03-30 20:52:49.355] [INFO] SocketWebApp - User and password matching....User is authenticating currently
[2015-03-30 20:52:49.359] [INFO] SocketWebApp - User : test testis currently logged in
[2015-03-30 20:52:49.502] [INFO] SocketWebApp - Oops!! Username: undefinedis not authorized to access the app. Redirecting the user to login
[2015-03-30 20:53:03.557] [INFO] SocketWebApp - Connected to database...mongodb://localhost/socketwebapp
[2015-03-30 20:53:11.203] [INFO] SocketWebApp - User and password matching....User is authenticating currently
[2015-03-30 20:53:11.206] [INFO] SocketWebApp - User : test testis currently logged in
[2015-03-30 20:53:11.231] [INFO] SocketWebApp - undefinedis authenticated
[2015-03-30 20:53:27.869] [INFO] SocketWebApp - undefinedis authenticated
[2015-03-30 20:53:27.870] [INFO] SocketWebApp - User : nullis logged out from the system
[2015-03-30 20:53:31.517] [INFO] SocketWebApp - undefinedis authenticated
[2015-03-30 20:53:37.355] [INFO] SocketWebApp - undefinedis authenticated
[2015-03-30 20:53:37.356] [INFO] SocketWebApp - User : nullis logged out from the system
[2015-03-30 20:53:53.606] [INFO] SocketWebApp - Connected to database...mongodb://localhost/socketwebapp
[2015-03-30 20:58:29.024] [INFO] SocketWebApp - Connected to database...mongodb://localhost/socketwebapp
[2015-03-30 20:58:33.990] [INFO] SocketWebApp - Connected to database...mongodb://localhost/socketwebapp
[2015-03-30 20:58:39.926] [INFO] SocketWebApp - User and password matching....User is authenticating currently
[2015-03-30 20:58:39.928] [INFO] SocketWebApp - User : test testis currently logged in
[2015-03-30 20:58:59.012] [INFO] SocketWebApp - Connected to database...mongodb://localhost/socketwebapp
[2015-03-30 20:59:24.016] [INFO] SocketWebApp - Connected to database...mongodb://localhost/socketwebapp
[2015-03-30 20:59:26.224] [INFO] SocketWebApp - Oops!! Username: undefinedis not authorized to access the app. Redirecting the user to login
[2015-03-30 20:59:31.537] [INFO] SocketWebApp - User and password matching....User is authenticating currently
[2015-03-30 20:59:31.540] [INFO] SocketWebApp - User : test testis currently logged in
[2015-03-30 20:59:31.566] [INFO] SocketWebApp - Oops!! Username: undefinedis not authorized to access the app. Redirecting the user to login
[2015-04-04 19:43:30.634] [INFO] SocketWebApp - Connected to database...mongodb://localhost/socketwebapp
[2015-04-04 19:43:52.116] [INFO] SocketWebApp - User and password matching....User is authenticating currently
[2015-04-04 19:43:52.120] [INFO] SocketWebApp - User : Prakash Rajendranis currently logged in
[2015-04-04 19:43:52.135] [INFO] SocketWebApp - Oops!! Username: undefinedis not authorized to access the app. Redirecting the user to login
[2015-04-04 19:44:34.488] [INFO] SocketWebApp - User and password matching....User is authenticating currently
[2015-04-04 19:44:34.491] [INFO] SocketWebApp - User : Prakash Rajendranis currently logged in
[2015-04-04 19:44:34.504] [INFO] SocketWebApp - Oops!! Username: undefinedis not authorized to access the app. Redirecting the user to login
[2015-04-04 19:47:31.836] [INFO] SocketWebApp - Oops!! Username: undefinedis not authorized to access the app. Redirecting the user to login
[2015-04-04 19:47:36.747] [INFO] SocketWebApp - Connected to database...mongodb://localhost/socketwebapp
[2015-04-04 19:47:39.847] [INFO] SocketWebApp - User and password matching....User is authenticating currently
[2015-04-04 19:47:39.851] [INFO] SocketWebApp - User : Prakash Rajendranis currently logged in
[2015-04-04 19:48:03.626] [INFO] SocketWebApp - Oops!! Username: undefinedis not authorized to access the app. Redirecting the user to login
[2015-04-04 19:48:30.892] [INFO] SocketWebApp - Connected to database...mongodb://localhost/socketwebapp
[2015-04-04 19:52:42.593] [INFO] SocketWebApp - Connected to database...mongodb://localhost/socketwebapp
[2015-04-04 19:52:56.301] [INFO] SocketWebApp - Connected to database...mongodb://localhost/socketwebapp
[2015-04-04 19:53:00.290] [INFO] SocketWebApp - Oops!! Username: undefinedis not authorized to access the app. Redirecting the user to login
[2015-04-04 19:53:06.805] [INFO] SocketWebApp - User and password matching....User is authenticating currently
[2015-04-04 19:53:06.809] [INFO] SocketWebApp - User : Prakash Rajendranis currently logged in
[2015-04-04 19:53:06.820] [INFO] SocketWebApp - Oops!! Username: undefinedis not authorized to access the app. Redirecting the user to login
[2015-04-04 19:53:09.129] [INFO] SocketWebApp - User and password matching....User is authenticating currently
[2015-04-04 19:53:09.132] [INFO] SocketWebApp - User : Prakash Rajendranis currently logged in
[2015-04-04 19:53:09.145] [INFO] SocketWebApp - Oops!! Username: undefinedis not authorized to access the app. Redirecting the user to login
[2015-04-04 20:00:27.209] [INFO] SocketWebApp - Connected to database...mongodb://localhost/socketwebapp
[2015-04-04 20:00:31.524] [INFO] SocketWebApp - Connected to database...mongodb://localhost/socketwebapp
[2015-04-04 20:00:46.852] [INFO] SocketWebApp - Connected to database...mongodb://localhost/socketwebapp
[2015-04-04 20:01:01.661] [INFO] SocketWebApp - Connected to database...mongodb://localhost/socketwebapp
[2015-04-04 20:01:07.553] [INFO] SocketWebApp - User and password matching....User is authenticating currently
[2015-04-04 20:01:07.556] [INFO] SocketWebApp - User : Prakash Rajendranis currently logged in
[2015-04-04 20:01:07.569] [INFO] SocketWebApp - Oops!! Username: undefinedis not authorized to access the app. Redirecting the user to login
[2015-04-04 20:13:32.898] [INFO] SocketWebApp - Connected to database...mongodb://localhost/socketwebapp
[2015-04-04 20:13:39.583] [INFO] SocketWebApp - User and password matching....User is authenticating currently
[2015-04-04 20:13:39.585] [INFO] SocketWebApp - User : Prakash Rajendranis currently logged in
[2015-04-04 20:13:39.598] [INFO] SocketWebApp - Oops!! Username: undefinedis not authorized to access the app. Redirecting the user to login
[2015-04-04 20:14:33.799] [INFO] SocketWebApp - Connected to database...mongodb://localhost/socketwebapp
[2015-04-04 20:14:37.941] [INFO] SocketWebApp - User and password matching....User is authenticating currently
[2015-04-04 20:14:37.944] [INFO] SocketWebApp - User : Prakash Rajendranis currently logged in
[2015-04-04 20:14:37.999] [INFO] SocketWebApp - Oops!! Username: undefinedis not authorized to access the app. Redirecting the user to login
[2015-04-04 20:17:23.800] [INFO] SocketWebApp - Connected to database...mongodb://localhost/socketwebapp
[2015-04-04 20:18:09.268] [INFO] SocketWebApp - Connected to database...mongodb://localhost/socketwebapp
[2015-04-04 20:18:14.049] [INFO] SocketWebApp - User and password matching....User is authenticating currently
[2015-04-04 20:18:14.051] [INFO] SocketWebApp - User : Prakash Rajendranis currently logged in
[2015-04-04 20:18:14.104] [INFO] SocketWebApp - Oops!! Username: undefinedis not authorized to access the app. Redirecting the user to login
[2015-04-04 20:18:22.462] [INFO] SocketWebApp - User and password matching....User is authenticating currently
[2015-04-04 20:18:22.464] [INFO] SocketWebApp - User : Prakash Rajendranis currently logged in
[2015-04-04 20:18:22.596] [INFO] SocketWebApp - Oops!! Username: undefinedis not authorized to access the app. Redirecting the user to login
[2015-04-04 20:18:24.401] [INFO] SocketWebApp - User and password matching....User is authenticating currently
[2015-04-04 20:18:24.402] [INFO] SocketWebApp - User : Prakash Rajendranis currently logged in
[2015-04-04 20:18:24.457] [INFO] SocketWebApp - Oops!! Username: undefinedis not authorized to access the app. Redirecting the user to login
[2015-04-04 20:18:26.462] [INFO] SocketWebApp - User and password matching....User is authenticating currently
[2015-04-04 20:18:26.464] [INFO] SocketWebApp - User : Prakash Rajendranis currently logged in
[2015-04-04 20:18:26.518] [INFO] SocketWebApp - Oops!! Username: undefinedis not authorized to access the app. Redirecting the user to login
[2015-04-04 20:18:48.221] [INFO] SocketWebApp - Connected to database...mongodb://localhost/socketwebapp
[2015-04-04 20:18:54.117] [INFO] SocketWebApp - Connected to database...mongodb://localhost/socketwebapp
[2015-04-04 20:28:28.311] [INFO] SocketWebApp - Connected to database...mongodb://localhost/socketwebapp
[2015-04-04 20:28:35.857] [INFO] SocketWebApp - User and password matching....User is authenticating currently
[2015-04-04 20:28:35.861] [INFO] SocketWebApp - User : Prakash Rajendranis currently logged in
[2015-04-04 20:28:35.936] [INFO] SocketWebApp - Oops!! Username: undefinedis not authorized to access the app. Redirecting the user to login
[2015-04-04 20:43:08.248] [INFO] SocketWebApp - Connected to database...mongodb://localhost/socketwebapp
[2015-04-04 20:43:13.743] [INFO] SocketWebApp - User and password matching....User is authenticating currently
[2015-04-04 20:43:13.746] [INFO] SocketWebApp - User : Prakash Rajendranis currently logged in
[2015-04-04 20:43:13.843] [INFO] SocketWebApp - undefinedis authenticated
[2015-04-04 20:43:17.364] [INFO] SocketWebApp - undefinedis authenticated
[2015-04-04 20:43:17.365] [INFO] SocketWebApp - User : nullis logged out from the system
[2015-04-04 20:43:20.547] [INFO] SocketWebApp - Oops!! Username: undefinedis not authorized to access the app. Redirecting the user to login
[2015-04-04 20:43:47.523] [INFO] SocketWebApp - User Not Found with username prprakash2007@gmail.com1
[2015-04-04 20:43:51.356] [INFO] SocketWebApp - User and password matching....User is authenticating currently
[2015-04-04 20:43:51.358] [INFO] SocketWebApp - User : Prakash Rajendranis currently logged in
[2015-04-04 20:43:51.412] [INFO] SocketWebApp - undefinedis authenticated
[2015-04-04 20:43:53.346] [INFO] SocketWebApp - undefinedis authenticated
[2015-04-04 20:43:53.347] [INFO] SocketWebApp - User : nullis logged out from the system
[2015-04-04 20:43:56.193] [INFO] SocketWebApp - Oops!! Username: undefinedis not authorized to access the app. Redirecting the user to login
[2015-04-04 20:43:59.189] [INFO] SocketWebApp - User and password matching....User is authenticating currently
[2015-04-04 20:43:59.190] [INFO] SocketWebApp - User : Prakash Rajendranis currently logged in
[2015-04-04 20:43:59.237] [INFO] SocketWebApp - undefinedis authenticated
[2015-04-04 20:44:44.471] [INFO] SocketWebApp - Connected to database...mongodb://localhost/socketwebapp
[2015-04-04 20:44:48.525] [INFO] SocketWebApp - Connected to database...mongodb://localhost/socketwebapp
[2015-04-04 20:44:50.584] [INFO] SocketWebApp - Oops!! Username: undefinedis not authorized to access the app. Redirecting the user to login
[2015-04-04 20:44:53.212] [INFO] SocketWebApp - User and password matching....User is authenticating currently
[2015-04-04 20:44:53.214] [INFO] SocketWebApp - User : Prakash Rajendranis currently logged in
[2015-04-04 20:45:03.407] [INFO] SocketWebApp - User : nullis logged out from the system
[2015-04-04 20:45:06.651] [INFO] SocketWebApp - User Not Found with username prprakash2007@gmail.com1
[2015-04-04 20:45:37.861] [INFO] SocketWebApp - User and password matching....User is authenticating currently
[2015-04-04 20:45:37.863] [INFO] SocketWebApp - User : Prakash Rajendranis currently logged in
[2015-04-04 20:45:49.204] [INFO] SocketWebApp - Connected to database...mongodb://localhost/socketwebapp
[2015-04-04 20:47:19.781] [INFO] SocketWebApp - Oops!! Username: undefinedis not authorized to access the app. Redirecting the user to login
[2015-04-04 20:47:22.941] [INFO] SocketWebApp - Oops!! Username: undefinedis not authorized to access the app. Redirecting the user to login
[2015-04-04 20:48:14.383] [INFO] SocketWebApp - Connected to database...mongodb://localhost/socketwebapp
[2015-04-04 20:48:16.391] [INFO] SocketWebApp - Oops!! Cannot invoke the user session without proper authentication. Redirecting the user to login
[2015-04-04 20:48:17.015] [INFO] SocketWebApp - Oops!! Cannot invoke the user session without proper authentication. Redirecting the user to login
[2015-04-04 20:48:26.966] [INFO] SocketWebApp - User and password matching....User is authenticating currently
[2015-04-04 20:48:26.968] [INFO] SocketWebApp - User : Prakash Rajendran is currently logged in
[2015-04-04 20:48:29.241] [INFO] SocketWebApp - User : nullis logged out from the system
